0 info it worked if it ends with ok
1 verbose cli [ '/home/vagrant/.nvm/versions/node/v6.3.1/bin/node',
1 verbose cli   '/home/vagrant/.nvm/versions/node/v6.3.1/bin/npm',
1 verbose cli   'run',
1 verbose cli   'local' ]
2 info using npm@3.10.3
3 info using node@v6.3.1
4 verbose run-script [ 'prelocal', 'local', 'postlocal' ]
5 info lifecycle orderUp@1.0.0~prelocal: orderUp@1.0.0
6 silly lifecycle orderUp@1.0.0~prelocal: no script for prelocal, continuing
7 info lifecycle orderUp@1.0.0~local: orderUp@1.0.0
8 verbose lifecycle orderUp@1.0.0~local: unsafe-perm in lifecycle true
9 verbose lifecycle orderUp@1.0.0~local: PATH: /home/vagrant/.nvm/versions/node/v6.3.1/lib/node_modules/npm/bin/node-gyp-bin:/vagrant/midterm/node_modules/.bin:/home/vagrant/.nvm/versions/node/v6.3.1/bin:/usr/local/heroku/bin:/home/vagrant/.nvm/versions/node/v6.3.1/bin:/home/vagrant/.rvm/gems/ruby-2.3.0/bin:/home/vagrant/.rvm/gems/ruby-2.3.0@global/bin:/home/vagrant/.rvm/rubies/ruby-2.3.0/bin:/usr/local/sbin:/usr/local/bin:/usr/sbin:/usr/bin:/sbin:/bin:/usr/games:/usr/local/games:/home/vagrant/.rvm/bin:/home/vagrant/.rvm/bin
10 verbose lifecycle orderUp@1.0.0~local: CWD: /vagrant/midterm
11 silly lifecycle orderUp@1.0.0~local: Args: [ '-c', 'nodemon --ignore public/' ]
12 info lifecycle orderUp@1.0.0~local: Failed to exec local script
13 verbose stack Error: orderUp@1.0.0 local: `nodemon --ignore public/`
13 verbose stack spawn ENOENT
13 verbose stack     at ChildProcess.<anonymous> (/home/vagrant/.nvm/versions/node/v6.3.1/lib/node_modules/npm/lib/utils/spawn.js:33:16)
13 verbose stack     at emitTwo (events.js:106:13)
13 verbose stack     at ChildProcess.emit (events.js:191:7)
13 verbose stack     at maybeClose (internal/child_process.js:852:16)
13 verbose stack     at Process.ChildProcess._handle.onexit (internal/child_process.js:215:5)
14 verbose pkgid orderUp@1.0.0
15 verbose cwd /vagrant/midterm
16 error Linux 4.4.0-21-generic
17 error argv "/home/vagrant/.nvm/versions/node/v6.3.1/bin/node" "/home/vagrant/.nvm/versions/node/v6.3.1/bin/npm" "run" "local"
18 error node v6.3.1
19 error npm  v3.10.3
20 error file sh
21 error code ELIFECYCLE
22 error errno ENOENT
23 error syscall spawn
24 error orderUp@1.0.0 local: `nodemon --ignore public/`
24 error spawn ENOENT
25 error Failed at the orderUp@1.0.0 local script 'nodemon --ignore public/'.
25 error Make sure you have the latest version of node.js and npm installed.
25 error If you do, this is most likely a problem with the orderUp package,
25 error not with npm itself.
25 error Tell the author that this fails on your system:
25 error     nodemon --ignore public/
25 error You can get information on how to open an issue for this project with:
25 error     npm bugs orderUp
25 error Or if that isn't available, you can get their info via:
25 error     npm owner ls orderUp
25 error There is likely additional logging output above.
26 verbose exit [ 1, true ]
